[0m14:11:20.792863 [debug] [MainThread]: Sending event: {'category': 'dbt', 'action': 'invocation', 'label': 'start', 'context': [<snowplow_tracker.self_describing_json.SelfDescribingJson object at 0x7f7240bd2e30>, <snowplow_tracker.self_describing_json.SelfDescribingJson object at 0x7f724112f160>, <snowplow_tracker.self_describing_json.SelfDescribingJson object at 0x7f724112f100>]}


============================== 14:11:20.795469 | 23d26bb7-efed-4f97-8c04-2f476e1ee07c ==============================
[0m14:11:20.795469 [info ] [MainThread]: Running with dbt=1.7.8
[0m14:11:20.796030 [debug] [MainThread]: running dbt with arguments {'printer_width': '80', 'indirect_selection': 'eager', 'log_cache_events': 'False', 'write_json': 'True', 'partial_parse': 'True', 'cache_selected_only': 'False', 'warn_error': 'None', 'version_check': 'True', 'profiles_dir': '/home/m13salama/.dbt', 'log_path': 'logs', 'debug': 'False', 'fail_fast': 'False', 'use_colors': 'True', 'use_experimental_parser': 'False', 'no_print': 'None', 'quiet': 'False', 'warn_error_options': 'WarnErrorOptions(include=[], exclude=[])', 'static_parser': 'True', 'log_format': 'default', 'invocation_command': 'dbt init', 'target_path': 'None', 'introspect': 'True', 'send_anonymous_usage_stats': 'True'}
[0m14:11:20.796523 [warn ] [MainThread]: [ConfigFolderDirectory]: Unable to parse dict {'dir': PosixPath('/home/m13salama/.dbt')}
[0m14:11:20.796919 [info ] [MainThread]: Creating dbt configuration folder at 
[0m14:12:13.296136 [debug] [MainThread]: Starter project path: /home/m13salama/csed/Data-Zoom-Camp/Module-4/dbt/dbt-env/lib/python3.10/site-packages/dbt/include/starter_project
[0m14:12:13.306912 [info ] [MainThread]: 
Your new dbt project "taxi_test" was created!

For more information on how to configure the profiles.yml file,
please consult the dbt documentation here:

  https://docs.getdbt.com/docs/configure-your-profile

One more thing:

Need help? Don't hesitate to reach out to us via GitHub issues or on Slack:

  https://community.getdbt.com/

Happy modeling!

[0m14:12:13.311846 [info ] [MainThread]: Setting up your profile.
[0m14:13:23.864945 [info ] [MainThread]: Profile taxi_test written to /home/m13salama/.dbt/profiles.yml using target's profile_template.yml and your supplied values. Run 'dbt debug' to validate the connection.
[0m14:13:23.869914 [debug] [MainThread]: Resource report: {"command_name": "init", "command_success": true, "command_wall_clock_time": 123.078514, "process_user_time": 2.000298, "process_kernel_time": 0.088189, "process_mem_max_rss": "90972", "process_in_blocks": "400", "process_out_blocks": "88"}
[0m14:13:23.872922 [debug] [MainThread]: Command `dbt init` succeeded at 14:13:23.872038 after 123.08 seconds
[0m14:13:23.875819 [debug] [MainThread]: Sending event: {'category': 'dbt', 'action': 'invocation', 'label': 'end', 'context': [<snowplow_tracker.self_describing_json.SelfDescribingJson object at 0x7f7240bd2e30>, <snowplow_tracker.self_describing_json.SelfDescribingJson object at 0x7f72434c7c10>, <snowplow_tracker.self_describing_json.SelfDescribingJson object at 0x7f724112f490>]}
[0m14:13:23.878278 [debug] [MainThread]: Flushing usage events
